<?xml version="1.0" encoding="UTF-8"?>
<testsuite xmlns:xsi="http://www.w3.org/2001/XMLSchema-instance" xsi:noNamespaceSchemaLocation="https://maven.apache.org/surefire/maven-surefire-plugin/xsd/surefire-test-report.xsd" name="com.companyname.LinkedList.TestSLLAll" time="0.065" tests="33" errors="0" skipped="0" failures="0">
  <properties>
    <property name="sun.desktop" value="windows"/>
    <property name="awt.toolkit" value="sun.awt.windows.WToolkit"/>
    <property name="java.specification.version" value="11"/>
    <property name="sun.cpu.isalist" value="amd64"/>
    <property name="sun.jnu.encoding" value="Cp1252"/>
    <property name="java.class.path" value="c:\Users\akshi\Desktop\Repos\Java-Things\LinkedList\target\test-classes;c:\Users\akshi\Desktop\Repos\Java-Things\LinkedList\target\classes;C:\Users\akshi\.m2\repository\org\junit\jupiter\junit-jupiter-api\5.4.2\junit-jupiter-api-5.4.2.jar;C:\Users\akshi\.m2\repository\org\apiguardian\apiguardian-api\1.0.0\apiguardian-api-1.0.0.jar;C:\Users\akshi\.m2\repository\org\opentest4j\opentest4j\1.1.1\opentest4j-1.1.1.jar;C:\Users\akshi\.m2\repository\org\junit\platform\junit-platform-commons\1.4.2\junit-platform-commons-1.4.2.jar;C:\Users\akshi\.m2\repository\org\junit\jupiter\junit-jupiter-engine\5.4.2\junit-jupiter-engine-5.4.2.jar;C:\Users\akshi\.m2\repository\org\junit\platform\junit-platform-engine\1.4.2\junit-platform-engine-1.4.2.jar;"/>
    <property name="java.vm.vendor" value="AdoptOpenJDK"/>
    <property name="sun.arch.data.model" value="64"/>
    <property name="user.variant" value=""/>
    <property name="java.vendor.url" value="https://adoptopenjdk.net/"/>
    <property name="user.timezone" value="America/New_York"/>
    <property name="java.vm.specification.version" value="11"/>
    <property name="os.name" value="Windows 10"/>
    <property name="sun.java.launcher" value="SUN_STANDARD"/>
    <property name="user.country" value="AU"/>
    <property name="sun.boot.library.path" value="C:\Program Files\AdoptOpenJDK\jdk-11.0.6.10-hotspot\bin"/>
    <property name="sun.java.command" value="C:\Users\akshi\AppData\Local\Temp\surefire6003789447263435572\surefirebooter17813434703177993008.jar C:\Users\akshi\AppData\Local\Temp\surefire6003789447263435572 2020-12-04T17-56-35_929-jvmRun1 surefire18000040208284476824tmp surefire_016834186543921121828tmp"/>
    <property name="jdk.debug" value="release"/>
    <property name="surefire.test.class.path" value="c:\Users\akshi\Desktop\Repos\Java-Things\LinkedList\target\test-classes;c:\Users\akshi\Desktop\Repos\Java-Things\LinkedList\target\classes;C:\Users\akshi\.m2\repository\org\junit\jupiter\junit-jupiter-api\5.4.2\junit-jupiter-api-5.4.2.jar;C:\Users\akshi\.m2\repository\org\apiguardian\apiguardian-api\1.0.0\apiguardian-api-1.0.0.jar;C:\Users\akshi\.m2\repository\org\opentest4j\opentest4j\1.1.1\opentest4j-1.1.1.jar;C:\Users\akshi\.m2\repository\org\junit\platform\junit-platform-commons\1.4.2\junit-platform-commons-1.4.2.jar;C:\Users\akshi\.m2\repository\org\junit\jupiter\junit-jupiter-engine\5.4.2\junit-jupiter-engine-5.4.2.jar;C:\Users\akshi\.m2\repository\org\junit\platform\junit-platform-engine\1.4.2\junit-platform-engine-1.4.2.jar;"/>
    <property name="sun.cpu.endian" value="little"/>
    <property name="user.home" value="C:\Users\akshi"/>
    <property name="user.language" value="en"/>
    <property name="java.specification.vendor" value="Oracle Corporation"/>
    <property name="java.version.date" value="2020-01-14"/>
    <property name="java.home" value="C:\Program Files\AdoptOpenJDK\jdk-11.0.6.10-hotspot"/>
    <property name="file.separator" value="\"/>
    <property name="basedir" value="c:\Users\akshi\Desktop\Repos\Java-Things\LinkedList"/>
    <property name="java.vm.compressedOopsMode" value="32-bit"/>
    <property name="line.separator" value="&#10;"/>
    <property name="java.specification.name" value="Java Platform API Specification"/>
    <property name="java.vm.specification.vendor" value="Oracle Corporation"/>
    <property name="java.awt.graphicsenv" value="sun.awt.Win32GraphicsEnvironment"/>
    <property name="surefire.real.class.path" value="C:\Users\akshi\AppData\Local\Temp\surefire6003789447263435572\surefirebooter17813434703177993008.jar"/>
    <property name="user.script" value=""/>
    <property name="sun.management.compiler" value="HotSpot 64-Bit Tiered Compilers"/>
    <property name="java.runtime.version" value="11.0.6+10"/>
    <property name="user.name" value="akshi"/>
    <property name="path.separator" value=";"/>
    <property name="os.version" value="10.0"/>
    <property name="java.runtime.name" value="OpenJDK Runtime Environment"/>
    <property name="file.encoding" value="Cp1252"/>
    <property name="java.vm.name" value="OpenJDK 64-Bit Server VM"/>
    <property name="java.vendor.version" value="AdoptOpenJDK"/>
    <property name="localRepository" value="C:\Users\akshi\.m2\repository"/>
    <property name="java.vendor.url.bug" value="https://github.com/AdoptOpenJDK/openjdk-support/issues"/>
    <property name="java.io.tmpdir" value="C:\Users\akshi\AppData\Local\Temp\"/>
    <property name="java.version" value="11.0.6"/>
    <property name="user.dir" value="c:\Users\akshi\Desktop\Repos\Java-Things\LinkedList"/>
    <property name="os.arch" value="amd64"/>
    <property name="java.vm.specification.name" value="Java Virtual Machine Specification"/>
    <property name="java.awt.printerjob" value="sun.awt.windows.WPrinterJob"/>
    <property name="sun.os.patch.level" value=""/>
    <property name="java.library.path" value="C:\Program Files\AdoptOpenJDK\jdk-11.0.6.10-hotspot\bin;C:\WINDOWS\Sun\Java\bin;C:\WINDOWS\system32;C:\WINDOWS;C:\Program Files\AdoptOpenJDK\jdk-11.0.6.10-hotspot\bin;C:\Program Files (x86)\Common Files\Intel\Shared Libraries\redist\intel64\compiler;C:\WINDOWS\system32;C:\WINDOWS;C:\WINDOWS\System32\Wbem;C:\WINDOWS\System32\WindowsPowerShell\v1.0\;C:\WINDOWS\System32\OpenSSH\;C:\Program Files\dotnet\;C:\Program Files\MATLAB\R2018a\runtime\win64;C:\Program Files\MATLAB\R2018a\bin;D:\Shadow Pass\Matlab\Install Folder\runtime\win64;D:\Shadow Pass\Matlab\Install Folder\bin;C:\Program Files\Calibre2\;c:\altera\90sp1\quartus\bin;C:\Program Files\Git\cmd;%JAVA_HOME%\bin;%MAVEN_HOME%\bin;C:\Users\akshi\AppData\Local\Programs\Python\Python38-32\Scripts\;C:\Users\akshi\AppData\Local\Programs\Python\Python38-32\;C:\Users\akshi\AppData\Local\Microsoft\WindowsApps;C:\Users\akshi\AppData\Local\Programs\Microsoft VS Code\bin;C:\Program Files (x86)\mingw-w64\i686-8.1.0-posix-dwarf-rt_v6-rev0\mingw32\bin;C:\Users\akshi\AppData\Local\GitHubDesktop\bin;C:\Modeltech_pe_edu_10.4a\win32pe_edu;."/>
    <property name="java.vendor" value="AdoptOpenJDK"/>
    <property name="java.vm.info" value="mixed mode"/>
    <property name="java.vm.version" value="11.0.6+10"/>
    <property name="sun.io.unicode.encoding" value="UnicodeLittle"/>
    <property name="java.class.version" value="55.0"/>
  </properties>
  <testcase name="testIntersection1" classname="com.companyname.LinkedList.TestSLLAll" time="0.015"/>
  <testcase name="testIntersection2" classname="com.companyname.LinkedList.TestSLLAll" time="0"/>
  <testcase name="testIntersection3" classname="com.companyname.LinkedList.TestSLLAll" time="0"/>
  <testcase name="testIntersection4" classname="com.companyname.LinkedList.TestSLLAll" time="0.001"/>
  <testcase name="testIntersection5" classname="com.companyname.LinkedList.TestSLLAll" time="0.001"/>
  <testcase name="testCopy2" classname="com.companyname.LinkedList.TestSLLAll" time="0"/>
  <testcase name="testAdd1" classname="com.companyname.LinkedList.TestSLLAll" time="0"/>
  <testcase name="testAdd2" classname="com.companyname.LinkedList.TestSLLAll" time="0"/>
  <testcase name="testAdd3" classname="com.companyname.LinkedList.TestSLLAll" time="0"/>
  <testcase name="testAdd4" classname="com.companyname.LinkedList.TestSLLAll" time="0.001"/>
  <testcase name="testCopy" classname="com.companyname.LinkedList.TestSLLAll" time="0.001"/>
  <testcase name="testSLLSet0Array" classname="com.companyname.LinkedList.TestSLLAll" time="0.001"/>
  <testcase name="testUnionSLLSetArray" classname="com.companyname.LinkedList.TestSLLAll" time="0.001"/>
  <testcase name="testIsInTrue" classname="com.companyname.LinkedList.TestSLLAll" time="0.001"/>
  <testcase name="testRemove1" classname="com.companyname.LinkedList.TestSLLAll" time="0.001"/>
  <testcase name="testRemove2" classname="com.companyname.LinkedList.TestSLLAll" time="0.001"/>
  <testcase name="testRemove3" classname="com.companyname.LinkedList.TestSLLAll" time="0.001"/>
  <testcase name="testRemove4" classname="com.companyname.LinkedList.TestSLLAll" time="0"/>
  <testcase name="testRemove5" classname="com.companyname.LinkedList.TestSLLAll" time="0"/>
  <testcase name="testSLLSetIntArray" classname="com.companyname.LinkedList.TestSLLAll" time="0"/>
  <testcase name="testDifference1" classname="com.companyname.LinkedList.TestSLLAll" time="0"/>
  <testcase name="testDifference2" classname="com.companyname.LinkedList.TestSLLAll" time="0"/>
  <testcase name="testDifference3" classname="com.companyname.LinkedList.TestSLLAll" time="0.001"/>
  <testcase name="testDifference4" classname="com.companyname.LinkedList.TestSLLAll" time="0.001"/>
  <testcase name="testDifference5" classname="com.companyname.LinkedList.TestSLLAll" time="0.001"/>
  <testcase name="testSLLSet" classname="com.companyname.LinkedList.TestSLLAll" time="0"/>
  <testcase name="testUnion1" classname="com.companyname.LinkedList.TestSLLAll" time="0"/>
  <testcase name="testUnion2" classname="com.companyname.LinkedList.TestSLLAll" time="0"/>
  <testcase name="testUnion3" classname="com.companyname.LinkedList.TestSLLAll" time="0.001"/>
  <testcase name="testUnion4" classname="com.companyname.LinkedList.TestSLLAll" time="0.001"/>
  <testcase name="testUnion5" classname="com.companyname.LinkedList.TestSLLAll" time="0"/>
  <testcase name="testUnionSLLSetArrayAll0" classname="com.companyname.LinkedList.TestSLLAll" time="0.001"/>
  <testcase name="testIsInFalse" classname="com.companyname.LinkedList.TestSLLAll" time="0.001"/>
</testsuite>